I, [2014-08-25T22:26:13.042785 #9297]  INFO -- initialize: Initializing
I, [2014-08-25T22:26:22.113199 #9297]  INFO -- search: search started core
I, [2014-08-25T22:26:22.780996 #9297]  INFO -- search: search finished core
I, [2014-08-25T22:34:29.003637 #9379]  INFO -- initialize: Initializing
I, [2014-08-25T22:34:33.665647 #9379]  INFO -- search: search started core
I, [2014-08-25T22:34:34.382844 #9379]  INFO -- search: search finished core
I, [2014-08-25T22:34:47.306850 #9379]  INFO -- search: search started beeline
I, [2014-08-25T22:34:48.006131 #9379]  INFO -- search: search finished beeline
I, [2014-08-25T22:34:50.387879 #9379]  INFO -- search: search started beeline
I, [2014-08-25T22:34:51.056652 #9379]  INFO -- search: search finished beeline
I, [2014-08-25T22:34:51.121855 #9379]  INFO -- search: search started beeline-
I, [2014-08-25T22:34:51.787590 #9379]  INFO -- search: search finished beeline-
I, [2014-08-25T22:34:51.788379 #9379]  INFO -- search: search started beeline
I, [2014-08-25T22:34:52.458711 #9379]  INFO -- search: search finished beeline
I, [2014-08-25T22:34:53.658055 #9379]  INFO -- search: search started ca
I, [2014-08-25T22:34:54.385413 #9379]  INFO -- search: search finished ca
I, [2014-08-25T22:34:54.387661 #9379]  INFO -- search: search started cat
I, [2014-08-25T22:34:54.980621 #9379]  INFO -- search: search finished cat
I, [2014-08-25T22:34:56.889904 #9379]  INFO -- search: search started co
I, [2014-08-25T22:34:57.956127 #9379]  INFO -- search: search finished co
I, [2014-08-25T22:34:57.959792 #9379]  INFO -- search: search started core
I, [2014-08-25T22:34:58.652718 #9379]  INFO -- search: search finished core
I, [2014-08-25T22:35:01.211155 #9379]  INFO -- search: search started we
I, [2014-08-25T22:35:01.772161 #9379]  INFO -- search: search finished we
I, [2014-08-25T22:35:01.780651 #9379]  INFO -- search: search started web
I, [2014-08-25T22:35:02.370709 #9379]  INFO -- search: search finished web
I, [2014-08-25T22:35:02.372267 #9379]  INFO -- search: search started webc
I, [2014-08-25T22:35:03.034628 #9379]  INFO -- search: search finished webc
I, [2014-08-25T22:35:03.035432 #9379]  INFO -- search: search started webk
I, [2014-08-25T22:35:03.037651 #9379]  INFO -- search: search started webki
I, [2014-08-25T22:35:03.039238 #9379]  INFO -- search: request is old web
I, [2014-08-25T22:35:04.112994 #9379]  INFO -- search: search finished webk
I, [2014-08-25T22:35:04.307108 #9379]  INFO -- search: search finished webki
I, [2014-08-25T22:35:04.307775 #9379]  INFO -- search: search started webkit
I, [2014-08-25T22:35:04.968433 #9379]  INFO -- search: search finished webkit
I, [2014-08-25T22:35:10.639885 #9379]  INFO -- search: search started webkita
I, [2014-08-25T22:35:11.173448 #9379]  INFO -- search: search started webkitapp
I, [2014-08-25T22:35:11.331507 #9379]  INFO -- search: search stopped webkita
I, [2014-08-25T22:35:11.332005 #9379]  INFO -- search: request is old webkitap
I, [2014-08-25T22:35:12.096744 #9379]  INFO -- search: search finished webkitapp
I, [2014-08-25T22:35:12.493603 #9379]  INFO -- search: search started ap
I, [2014-08-25T22:35:12.922442 #9379]  INFO -- search: search started app
I, [2014-08-25T22:35:12.925814 #9379]  INFO -- search: search started appl
I, [2014-08-25T22:35:13.188307 #9379]  INFO -- search: search finished ap
I, [2014-08-25T22:35:13.921625 #9379]  INFO -- search: search started apple
I, [2014-08-25T22:35:13.923927 #9379]  INFO -- search: search started applescr
I, [2014-08-25T22:35:14.021713 #9379]  INFO -- search: search started apples
I, [2014-08-25T22:35:14.122707 #9379]  INFO -- search: search stopped apple
I, [2014-08-25T22:35:14.124352 #9379]  INFO -- search: request is old applesc
I, [2014-08-25T22:35:14.125385 #9379]  INFO -- search: search stopped applescr
I, [2014-08-25T22:35:14.222812 #9379]  INFO -- search: request is old applescript
I, [2014-08-25T22:35:14.325208 #9379]  INFO -- search: request is old applescrip
I, [2014-08-25T22:35:14.391895 #9379]  INFO -- search: search stopped app
I, [2014-08-25T22:35:14.529536 #9379]  INFO -- search: search stopped appl
I, [2014-08-25T22:35:15.010769 #9379]  INFO -- search: search finished apples
I, [2014-08-25T22:35:18.679541 #9379]  INFO -- search: search started applescript-
I, [2014-08-25T22:35:19.041431 #9379]  INFO -- search: search started applescript
I, [2014-08-25T22:35:19.107441 #9379]  INFO -- search: request is old applescript
I, [2014-08-25T22:35:19.774641 #9379]  INFO -- search: search stopped applescript-
I, [2014-08-25T22:35:20.263062 #9379]  INFO -- search: search finished applescript
I, [2014-08-25T22:35:26.852499 #9379]  INFO -- search: search started applescript
I, [2014-08-25T22:35:27.317326 #9379]  INFO -- search: search started applescript
I, [2014-08-25T22:35:27.471119 #9379]  INFO -- search: search started applescript-
I, [2014-08-25T22:35:27.689566 #9379]  INFO -- search: search stopped applescript
I, [2014-08-25T22:35:29.108573 #9379]  INFO -- search: search finished applescript-
I, [2014-08-25T22:35:29.181742 #9379]  INFO -- search: search finished applescript
I, [2014-08-25T22:36:03.164337 #9379]  INFO -- search: search started applescript
I, [2014-08-25T22:36:03.963296 #9379]  INFO -- search: search finished applescript
I, [2014-08-25T22:36:04.697850 #9379]  INFO -- search: search started bob
I, [2014-08-25T22:36:05.243198 #9379]  INFO -- search: search finished bob
I, [2014-08-25T22:36:05.244873 #9379]  INFO -- search: search started bob-
I, [2014-08-25T22:36:05.655688 #9379]  INFO -- search: search started bob
I, [2014-08-25T22:36:05.821723 #9379]  INFO -- search: search finished bob-
I, [2014-08-25T22:36:05.822327 #9379]  INFO -- search: search started bob
I, [2014-08-25T22:36:06.711335 #9379]  INFO -- search: search finished bob
I, [2014-08-25T22:36:07.000335 #9379]  INFO -- search: search finished bob
I, [2014-08-25T22:36:10.328445 #9379]  INFO -- search: search started ns
I, [2014-08-25T22:36:11.111864 #9379]  INFO -- search: search finished ns
I, [2014-08-25T22:36:11.113818 #9379]  INFO -- search: search started nsu
I, [2014-08-25T22:36:11.554419 #9379]  INFO -- search: search started nsurk
I, [2014-08-25T22:36:11.755357 #9379]  INFO -- search: search started nsur
I, [2014-08-25T22:36:11.787084 #9379]  INFO -- search: search finished nsu
I, [2014-08-25T22:36:12.548008 #9379]  INFO -- search: search finished nsurk
I, [2014-08-25T22:36:12.557306 #9379]  INFO -- search: search started nsurl
I, [2014-08-25T22:36:12.758776 #9379]  INFO -- search: search started nsur
I, [2014-08-25T22:36:13.151778 #9379]  INFO -- search: search stopped nsur
I, [2014-08-25T22:36:13.969159 #9379]  INFO -- search: search started nsurl
I, [2014-08-25T22:36:14.070209 #9379]  INFO -- search: request is old nsurl
I, [2014-08-25T22:36:14.071700 #9379]  INFO -- search: request is old nsurl-
I, [2014-08-25T22:36:14.138794 #9379]  INFO -- search: search stopped nsurl
I, [2014-08-25T22:36:14.254423 #9379]  INFO -- search: search stopped nsur
I, [2014-08-25T22:36:14.919971 #9379]  INFO -- search: search finished nsurl
I, [2014-08-25T22:36:22.262802 #9379]  INFO -- search: search started ba
I, [2014-08-25T22:36:22.843973 #9379]  INFO -- search: search finished ba
I, [2014-08-25T22:36:22.845654 #9379]  INFO -- search: search started backg
I, [2014-08-25T22:36:22.848164 #9379]  INFO -- search: search started bac
I, [2014-08-25T22:36:22.849648 #9379]  INFO -- search: search started back
I, [2014-08-25T22:36:24.327116 #9379]  INFO -- search: search finished bac
I, [2014-08-25T22:36:24.450326 #9379]  INFO -- search: search finished backg
I, [2014-08-25T22:36:24.534606 #9379]  INFO -- search: search started backgrou
I, [2014-08-25T22:36:24.537120 #9379]  INFO -- search: request is old background
I, [2014-08-25T22:36:24.538082 #9379]  INFO -- search: request is old backgroun
I, [2014-08-25T22:36:24.674736 #9379]  INFO -- search: request is old background-
I, [2014-08-25T22:36:24.720516 #9379]  INFO -- search: search stopped back
I, [2014-08-25T22:36:24.721010 #9379]  INFO -- search: search started background
I, [2014-08-25T22:36:24.725472 #9379]  INFO -- search: search started background
I, [2014-08-25T22:36:26.677334 #9379]  INFO -- search: search finished background
I, [2014-08-25T22:36:26.826857 #9379]  INFO -- search: search finished background
I, [2014-08-25T22:36:26.879072 #9379]  INFO -- search: search finished backgrou
I, [2014-08-25T22:38:20.893125 #9535]  INFO -- initialize: Initializing
I, [2014-08-25T22:38:25.529192 #9535]  INFO -- search: search started core
I, [2014-08-25T22:38:26.207684 #9535]  INFO -- search: search finished core
I, [2014-08-25T22:57:44.840936 #9800]  INFO -- initialize: Initializing
I, [2014-08-25T22:58:14.406714 #9800]  INFO -- search: search started tea
I, [2014-08-25T22:58:15.191973 #9800]  INFO -- search: search finished tea
I, [2014-08-25T22:58:28.156695 #9812]  INFO -- initialize: Initializing
I, [2014-08-25T22:58:32.213113 #9812]  INFO -- search: search started tea
I, [2014-08-25T22:58:33.061970 #9812]  INFO -- search: search finished tea
I, [2014-08-25T23:14:16.687344 #10171]  INFO -- initialize: Initializing
I, [2014-08-25T23:17:26.208643 #10200]  INFO -- initialize: Initializing
